0 verbose cli C:\Program Files\nodejs\node.exe C:\Program Files\nodejs\node_modules\npm\bin\npm-cli.js
1 info using npm@10.9.2
2 info using node@v22.14.0
3 silly config load:file:C:\Program Files\nodejs\node_modules\npm\npmrc
4 silly config load:file:C:\Users\hp\BiteSpeed\.npmrc
5 silly config load:file:C:\Users\hp\.npmrc
6 silly config load:file:C:\Users\hp\AppData\Roaming\npm\etc\npmrc
7 verbose title npm install cross-env
8 verbose argv "install" "--save-dev" "cross-env"
9 verbose logfile logs-max:10 dir:C:\Users\hp\BiteSpeed\.npm-cache\_logs\2025-08-17T09_26_51_450Z-
10 verbose logfile C:\Users\hp\BiteSpeed\.npm-cache\_logs\2025-08-17T09_26_51_450Z-debug-0.log
11 silly logfile done cleaning log files
12 silly packumentCache heap:2197815296 maxSize:549453824 maxEntrySize:274726912
13 silly idealTree buildDeps
14 silly fetch manifest cross-env@^10.0.0
15 silly packumentCache full:https://registry.npmjs.org/cross-env cache-miss
16 http cache https://registry.npmjs.org/cross-env 300ms (cache hit)
17 silly packumentCache full:https://registry.npmjs.org/cross-env set size:148397 disposed:false
18 silly placeDep ROOT cross-env@10.0.0 REPLACE for: chatbot-flow-builder@1.0.0 want: ^10.0.0
19 silly reify moves {}
20 verbose reify failed optional dependency C:\Users\hp\BiteSpeed\node_modules\fsevents
21 silly reify mark deleted [ 'C:\\Users\\hp\\BiteSpeed\\node_modules\\fsevents' ]
22 silly ADD
23 verbose cwd C:\Users\hp\BiteSpeed
24 verbose os Windows_NT 10.0.26100
25 verbose node v22.14.0
26 verbose npm  v10.9.2
27 verbose exit 0
28 info ok
