0 verbose cli C:\Program Files\nodejs\node.exe C:\Program Files\nodejs\node_modules\npm\bin\npm-cli.js
1 info using npm@10.9.2
2 info using node@v22.14.0
3 silly config load:file:C:\Program Files\nodejs\node_modules\npm\npmrc
4 silly config load:file:C:\Users\hp\BiteSpeed\.npmrc
5 silly config load:file:C:\Users\hp\.npmrc
6 silly config load:file:C:\Users\hp\AppData\Roaming\npm\etc\npmrc
7 verbose title npm install cross-env
8 verbose argv "install" "--save-dev" "cross-env"
9 verbose logfile logs-max:10 dir:C:\Users\hp\BiteSpeed\.npm-cache\_logs\2025-08-17T09_25_20_794Z-
10 verbose logfile C:\Users\hp\BiteSpeed\.npm-cache\_logs\2025-08-17T09_25_20_794Z-debug-0.log
11 silly logfile done cleaning log files
12 silly packumentCache heap:2197815296 maxSize:549453824 maxEntrySize:274726912
13 silly idealTree buildDeps
14 silly fetch manifest cross-env@*
15 silly packumentCache full:https://registry.npmjs.org/cross-env cache-miss
16 http fetch GET 200 https://registry.npmjs.org/cross-env 779ms (cache miss)
17 silly packumentCache full:https://registry.npmjs.org/cross-env set size:undefined disposed:false
18 silly placeDep ROOT cross-env@10.0.0 OK for: chatbot-flow-builder@1.0.0 want: *
19 silly fetch manifest @epic-web/invariant@^1.0.0
20 silly packumentCache full:https://registry.npmjs.org/@epic-web%2finvariant cache-miss
21 http fetch GET 200 https://registry.npmjs.org/@epic-web%2finvariant 551ms (cache miss)
22 silly packumentCache full:https://registry.npmjs.org/@epic-web%2finvariant set size:undefined disposed:false
23 silly placeDep ROOT @epic-web/invariant@1.0.0 OK for: cross-env@10.0.0 want: ^1.0.0
24 silly reify moves {}
25 verbose reify failed optional dependency C:\Users\hp\BiteSpeed\node_modules\fsevents
26 silly reify mark deleted [ 'C:\\Users\\hp\\BiteSpeed\\node_modules\\fsevents' ]
27 http cache cross-env@https://registry.npmjs.org/cross-env/-/cross-env-10.0.0.tgz 0ms (cache hit)
28 http cache @epic-web/invariant@https://registry.npmjs.org/@epic-web/invariant/-/invariant-1.0.0.tgz 0ms (cache hit)
29 silly tarball no local data for cross-env@https://registry.npmjs.org/cross-env/-/cross-env-10.0.0.tgz. Extracting by manifest.
30 silly tarball no local data for @epic-web/invariant@https://registry.npmjs.org/@epic-web/invariant/-/invariant-1.0.0.tgz. Extracting by manifest.
31 http fetch GET 200 https://registry.npmjs.org/cross-env/-/cross-env-10.0.0.tgz 87ms (cache miss)
32 http fetch GET 200 https://registry.npmjs.org/@epic-web/invariant/-/invariant-1.0.0.tgz 493ms (cache miss)
33 silly ADD node_modules/@epic-web/invariant
34 silly ADD node_modules/cross-env
35 silly ADD
36 verbose cwd C:\Users\hp\BiteSpeed
37 verbose os Windows_NT 10.0.26100
38 verbose node v22.14.0
39 verbose npm  v10.9.2
40 verbose exit 0
41 info ok
